#
# There is insufficient memory for the Java Runtime Environment to continue.
# Native memory allocation (malloc) failed to allocate 1048576 bytes for AllocateHeap
# Possible reasons:
#   The system is out of physical RAM or swap space
#   The process is running with CompressedOops enabled, and the Java Heap may be blocking the growth of the native heap
# Possible solutions:
#   Reduce memory load on the system
#   Increase physical memory or swap space
#   Check if swap backing store is full
#   Decrease Java heap size (-Xmx/-Xms)
#   Decrease number of Java threads
#   Decrease Java thread stack sizes (-Xss)
#   Set larger code cache with -XX:ReservedCodeCacheSize=
#   JVM is running with Unscaled Compressed Oops mode in which the Java heap is
#     placed in the first 4GB address space. The Java Heap base address is the
#     maximum limit for the native heap growth. Please use -XX:HeapBaseMinAddress
#     to set the Java Heap base and to place the Java Heap above 4GB virtual address.
# This output file may be truncated or incomplete.
#
#  Out of Memory Error (allocation.cpp:44), pid=9288, tid=11196
#
# JRE version: OpenJDK Runtime Environment Temurin-17.0.2+8 (17.0.2+8) (build 17.0.2+8)
# Java VM: OpenJDK 64-Bit Server VM Temurin-17.0.2+8 (17.0.2+8, mixed mode, emulated-client, tiered, compressed oops, compressed class ptrs, g1 gc, windows-amd64)
# No core dump will be written. Minidumps are not enabled by default on client versions of Windows
#

---------------  S U M M A R Y ------------

Command Line: -Dsts.lsp.client=vscode -Dsts.log.file=/dev/null -XX:TieredStopAtLevel=1 -Dspring.config.location=file:c:\Users\ASUS\.vscode\extensions\pivotal.vscode-spring-boot-1.32.0\language-server\BOOT-INF\classes\application.properties org.springframework.ide.vscode.boot.app.BootLanguageServerBootApp

Host: Intel(R) Core(TM) i7-7500U CPU @ 2.70GHz, 4 cores, 7G,  Windows 10 , 64 bit Build 19041 (10.0.19041.1645)
Time: Sun Apr 17 02:03:32 2022 Paris, Madrid elapsed time: 6810.277525 seconds (0d 1h 53m 30s)

---------------  T H R E A D  ---------------

Current thread (0x00000244b02bcdd0):  VMThread "VM Thread" [stack: 0x0000006cc0d00000,0x0000006cc0e00000] [id=11196]

Stack: [0x0000006cc0d00000,0x0000006cc0e00000]
Native frames: (J=compiled Java code, j=interpreted, Vv=VM code, C=native code)
V  [jvm.dll+0x67564a]
V  [jvm.dll+0x82fc04]
V  [jvm.dll+0x8313ae]
V  [jvm.dll+0x831a13]
V  [jvm.dll+0x245235]
V  [jvm.dll+0xa6393]
V  [jvm.dll+0x2f5233]
V  [jvm.dll+0x2f0f70]
V  [jvm.dll+0x2d96c7]
V  [jvm.dll+0x31c6b7]
V  [jvm.dll+0x835ebb]
V  [jvm.dll+0x836bf4]
V  [jvm.dll+0x83710c]
V  [jvm.dll+0x8374e4]
V  [jvm.dll+0x8375b0]
V  [jvm.dll+0x7dff2a]
V  [jvm.dll+0x6744d5]
C  [ucrtbase.dll+0x21bb2]
C  [KERNEL32.DLL+0x17034]
C  [ntdll.dll+0x52651]

VM_Operation (0x0000006cc1cff010): G1CollectFull, mode: safepoint, requested by thread 0x00000244b137e880


---------------  P R O C E S S  ---------------

Threads class SMR info:
_java_thread_list=0x00000244b3554bf0, length=23, elements={
0x00000244b02e1750, 0x00000244b02e2d20, 0x00000244b031e130, 0x00000244b0324dd0,
0x00000244b03266a0, 0x00000244b032a460, 0x00000244b0332de0, 0x00000244b03336e0,
0x00000244b0e6fd30, 0x00000244b0e78a40, 0x00000244b137e880, 0x00000244b1207750,
0x00000244a1789e80, 0x00000244b1379450, 0x00000244b3305840, 0x00000244b336e510,
0x00000244b33840f0, 0x00000244b33b8820, 0x00000244b321ffc0, 0x00000244b3220490,
0x00000244b3220960, 0x00000244b3221ca0, 0x00000244b3222640
}

Java Threads: ( => current thread )
  0x00000244b02e1750 JavaThread "Reference Handler" daemon [_thread_blocked, id=12320, stack(0x0000006cc0e00000,0x0000006cc0f00000)]
  0x00000244b02e2d20 JavaThread "Finalizer" daemon [_thread_blocked, id=9036, stack(0x0000006cc0f00000,0x0000006cc1000000)]
  0x00000244b031e130 JavaThread "Signal Dispatcher" daemon [_thread_blocked, id=8904, stack(0x0000006cc1000000,0x0000006cc1100000)]
  0x00000244b0324dd0 JavaThread "Attach Listener" daemon [_thread_blocked, id=2940, stack(0x0000006cc1100000,0x0000006cc1200000)]
  0x00000244b03266a0 JavaThread "Service Thread" daemon [_thread_blocked, id=3320, stack(0x0000006cc1200000,0x0000006cc1300000)]
  0x00000244b032a460 JavaThread "Monitor Deflation Thread" daemon [_thread_blocked, id=10572, stack(0x0000006cc1300000,0x0000006cc1400000)]
  0x00000244b0332de0 JavaThread "C1 CompilerThread0" daemon [_thread_blocked, id=11156, stack(0x0000006cc1400000,0x0000006cc1500000)]
  0x00000244b03336e0 JavaThread "Sweeper thread" daemon [_thread_blocked, id=5732, stack(0x0000006cc1500000,0x0000006cc1600000)]
  0x00000244b0e6fd30 JavaThread "Notification Thread" daemon [_thread_blocked, id=7748, stack(0x0000006cc1600000,0x0000006cc1700000)]
  0x00000244b0e78a40 JavaThread "Common-Cleaner" daemon [_thread_blocked, id=5348, stack(0x0000006cc1800000,0x0000006cc1900000)]
  0x00000244b137e880 JavaThread "pool-5-thread-1" [_thread_blocked, id=9984, stack(0x0000006cc1c00000,0x0000006cc1d00000)]
  0x00000244b1207750 JavaThread "LanguageServerApp-lifecycle" [_thread_blocked, id=4324, stack(0x0000006cc1d00000,0x0000006cc1e00000)]
  0x00000244a1789e80 JavaThread "DestroyJavaVM" [_thread_blocked, id=6900, stack(0x0000006cc0700000,0x0000006cc0800000)]
  0x00000244b1379450 JavaThread "pool-6-thread-1" [_thread_in_native, id=10620, stack(0x0000006cc2000000,0x0000006cc2100000)]
  0x00000244b3305840 JavaThread "Simple-Language-Server main thread" daemon [_thread_blocked, id=8372, stack(0x0000006cc2100000,0x0000006cc2200000)]
  0x00000244b336e510 JavaThread "pool-7-thread-1" [_thread_blocked, id=10116, stack(0x0000006cc2200000,0x0000006cc2300000)]
  0x00000244b33840f0 JavaThread "pool-4-thread-1" [_thread_blocked, id=11844, stack(0x0000006cc2300000,0x0000006cc2400000)]
  0x00000244b33b8820 JavaThread "Reconciler-1" [_thread_blocked, id=11312, stack(0x0000006cc2400000,0x0000006cc2500000)]
  0x00000244b321ffc0 JavaThread "parallel-1" daemon [_thread_blocked, id=7488, stack(0x0000006cc2800000,0x0000006cc2900000)]
  0x00000244b3220490 JavaThread "pool-2-thread-1" [_thread_blocked, id=6192, stack(0x0000006cc1f00000,0x0000006cc2000000)]
  0x00000244b3220960 JavaThread "ForkJoinPool.commonPool-worker-5" daemon [_thread_in_native, id=6516, stack(0x0000006cc0400000,0x0000006cc0500000)]
  0x00000244b3221ca0 JavaThread "ForkJoinPool.commonPool-worker-10" daemon [_thread_in_native, id=12348, stack(0x0000006cc0500000,0x0000006cc0600000)]
  0x00000244b3222640 JavaThread "ForkJoinPool.commonPool-worker-11" daemon [_thread_in_native, id=8912, stack(0x0000006cc0600000,0x0000006cc0700000)]

Other Threads:
=>0x00000244b02bcdd0 VMThread "VM Thread" [stack: 0x0000006cc0d00000,0x0000006cc0e00000] [id=11196]
  0x00000244a18f5c30 WatcherThread [stack: 0x0000006cc1700000,0x0000006cc1800000] [id=11864]
  0x00000244a18d7b40 GCTaskThread "GC Thread#0" [stack: 0x0000006cc0800000,0x0000006cc0900000] [id=13184]
  0x00000244b12b37f0 GCTaskThread "GC Thread#1" [stack: 0x0000006cc1900000,0x0000006cc1a00000] [id=3196]
  0x00000244b15559d0 GCTaskThread "GC Thread#2" [stack: 0x0000006cc1a00000,0x0000006cc1b00000] [id=11752]
  0x00000244b15d5e60 GCTaskThread "GC Thread#3" [stack: 0x0000006cc1b00000,0x0000006cc1c00000] [id=1368]
  0x00000244a18e95e0 ConcurrentGCThread "G1 Main Marker" [stack: 0x0000006cc0900000,0x0000006cc0a00000] [id=1792]
  0x00000244a18eaeb0 ConcurrentGCThread "G1 Conc#0" [stack: 0x0000006cc0a00000,0x0000006cc0b00000] [id=10680]
  0x00000244a19670a0 ConcurrentGCThread "G1 Refine#0" [stack: 0x0000006cc0b00000,0x0000006cc0c00000] [id=3012]
  0x00000244a19679d0 ConcurrentGCThread "G1 Service" [stack: 0x0000006cc0c00000,0x0000006cc0d00000] [id=4012]

Threads with active compile tasks:

VM state: at safepoint (normal execution)

VM Mutex/Monitor currently owned by a thread:  ([mutex/lock_event])
[0x00000244a16b6de0] Threads_lock - owner thread: 0x00000244b02bcdd0
[0x00000244a1897830] Heap_lock - owner thread: 0x00000244b137e880

Heap address: 0x0000000081e00000, size: 2018 MB, Compressed Oops mode: 32-bit

CDS archive(s) not mapped
Compressed class space mapped at: 0x0000000100000000-0x0000000140000000, reserved size: 1073741824
Narrow klass base: 0x0000000000000000, Narrow klass shift: 3, Narrow klass range: 0x140000000

GC Precious Log:
 CPUs: 4 total, 4 available
 Memory: 8071M
 Large Page Support: Disabled
 NUMA Support: Disabled
 Compressed Oops: Enabled (32-bit)
 Heap Region Size: 1M
 Heap Min Capacity: 8M
 Heap Initial Capacity: 128M
 Heap Max Capacity: 2018M
 Pre-touch: Disabled
 Parallel Workers: 4
 Concurrent Workers: 1
 Concurrent Refinement Workers: 4
 Periodic GC: Disabled

Heap:
 garbage-first heap   total 65536K, used 26946K [0x0000000081e00000, 0x0000000100000000)
  region size 1024K, 5 young (5120K), 0 survivors (0K)
 Metaspace       used 39732K, committed 40064K, reserved 1089536K
  class space    used 5029K, committed 5184K, reserved 1048576K

Heap Regions: E=young(eden), S=young(survivor), O=old, HS=humongous(starts), HC=humongous(continues), CS=collection set, F=free, OA=open archive, CA=closed archive, TAMS=top-at-mark-start (previous, next)
|   0|0x0000000081e00000, 0x0000000081f00000, 0x0000000081f00000|100%| O|  |TAMS 0x0000000081f00000, 0x0000000081e00000| Untracked 
|   1|0x0000000081f00000, 0x0000000081ffffe0, 0x0000000082000000| 99%| O|  |TAMS 0x0000000081ffffe0, 0x0000000081f00000| Untracked 
|   2|0x0000000082000000, 0x0000000082100000, 0x0000000082100000|100%| O|  |TAMS 0x0000000082100000, 0x0000000082000000| Untracked 
|   3|0x0000000082100000, 0x0000000082200000, 0x0000000082200000|100%| O|  |TAMS 0x0000000082200000, 0x0000000082100000| Untracked 
|   4|0x0000000082200000, 0x0000000082300000, 0x0000000082300000|100%| O|  |TAMS 0x0000000082300000, 0x0000000082200000| Untracked 
|   5|0x0000000082300000, 0x0000000082400000, 0x0000000082400000|100%| O|  |TAMS 0x0000000082400000, 0x0000000082300000| Untracked 
|   6|0x0000000082400000, 0x00000000824ffff8, 0x0000000082500000| 99%| O|  |TAMS 0x00000000824ffff8, 0x0000000082400000| Untracked 
|   7|0x0000000082500000, 0x00000000825fffe8, 0x0000000082600000| 99%| O|  |TAMS 0x00000000825fffe8, 0x0000000082500000| Untracked 
|   8|0x0000000082600000, 0x00000000826ffff0, 0x0000000082700000| 99%| O|  |TAMS 0x00000000826ffff0, 0x0000000082600000| Untracked 
|   9|0x0000000082700000, 0x00000000827ffff8, 0x0000000082800000| 99%| O|  |TAMS 0x00000000827ffff8, 0x0000000082700000| Untracked 
|  10|0x0000000082800000, 0x00000000828ffff0, 0x0000000082900000| 99%| O|  |TAMS 0x00000000828ffff0, 0x0000000082800000| Untracked 
|  11|0x0000000082900000, 0x0000000082a00000, 0x0000000082a00000|100%|HS|  |TAMS 0x0000000082a00000, 0x0000000082900000| Untracked 
|  12|0x0000000082a00000, 0x0000000082afff98, 0x0000000082b00000| 99%| O|  |TAMS 0x0000000082afff98, 0x0000000082a00000| Untracked 
|  13|0x0000000082b00000, 0x0000000082c00000, 0x0000000082c00000|100%| O|  |TAMS 0x0000000082c00000, 0x0000000082b00000| Untracked 
|  14|0x0000000082c00000, 0x0000000082cfffe8, 0x0000000082d00000| 99%| O|  |TAMS 0x0000000082cfffe8, 0x0000000082c00000| Untracked 
|  15|0x0000000082d00000, 0x0000000082dffff0, 0x0000000082e00000| 99%| O|  |TAMS 0x0000000082dffff0, 0x0000000082d00000| Untracked 
|  16|0x0000000082e00000, 0x0000000082effff0, 0x0000000082f00000| 99%| O|  |TAMS 0x0000000082effff0, 0x0000000082e00000| Untracked 
|  17|0x0000000082f00000, 0x0000000082ffffe0, 0x0000000083000000| 99%| O|  |TAMS 0x0000000082ffffe0, 0x0000000082f00000| Untracked 
|  18|0x0000000083000000, 0x00000000830fffe0, 0x0000000083100000| 99%| O|  |TAMS 0x00000000830fffe0, 0x0000000083000000| Untracked 
|  19|0x0000000083100000, 0x0000000083200000, 0x0000000083200000|100%| O|  |TAMS 0x0000000083200000, 0x0000000083100000| Untracked 
|  20|0x0000000083200000, 0x0000000083300000, 0x0000000083300000|100%| O|  |TAMS 0x0000000083300000, 0x0000000083200000| Untracked 
|  21|0x0000000083300000, 0x0000000083400000, 0x0000000083400000|100%| O|  |TAMS 0x0000000083400000, 0x0000000083300000| Untracked 
|  22|0x0000000083400000, 0x000000008344f6e8, 0x0000000083500000| 31%| O|  |TAMS 0x0000000083400000, 0x0000000083400000| Untracked 
|  23|0x0000000083500000, 0x00000000835013b8, 0x0000000083600000|  0%| O|  |TAMS 0x0000000083500000, 0x0000000083500000| Untracked 
|  24|0x0000000083600000, 0x0000000083600000, 0x0000000083700000|  0%| F|  |TAMS 0x0000000083600000, 0x0000000083600000| Untracked 
|  25|0x0000000083700000, 0x0000000083700000, 0x0000000083800000|  0%| F|  |TAMS 0x0000000083700000, 0x0000000083700000| Untracked 
|  26|0x0000000083800000, 0x0000000083800000, 0x0000000083900000|  0%| F|  |TAMS 0x0000000083800000, 0x0000000083800000| Untracked 
|  27|0x0000000083900000, 0x0000000083900000, 0x0000000083a00000|  0%| F|  |TAMS 0x0000000083900000, 0x0000000083900000| Untracked 
|  28|0x0000000083a00000, 0x0000000083a00000, 0x0000000083b00000|  0%| F|  |TAMS 0x0000000083a00000, 0x0000000083a00000| Untracked 
|  29|0x0000000083b00000, 0x0000000083b00000, 0x0000000083c00000|  0%| F|  |TAMS 0x0000000083b00000, 0x0000000083b00000| Untracked 
|  30|0x0000000083c00000, 0x0000000083c00000, 0x0000000083d00000|  0%| F|  |TAMS 0x0000000083c00000, 0x0000000083c00000| Untracked 
|  31|0x0000000083d00000, 0x0000000083d00000, 0x0000000083e00000|  0%| F|  |TAMS 0x0000000083d00000, 0x0000000083d00000| Untracked 
|  32|0x0000000083e00000, 0x0000000083e00000, 0x0000000083f00000|  0%| F|  |TAMS 0x0000000083e00000, 0x0000000083e00000| Untracked 
|  33|0x0000000083f00000, 0x0000000083f00000, 0x0000000084000000|  0%| F|  |TAMS 0x0000000083f00000, 0x0000000083f00000| Untracked 
|  34|0x0000000084000000, 0x0000000084000000, 0x0000000084100000|  0%| F|  |TAMS 0x0000000084000000, 0x0000000084000000| Untracked 
|  35|0x0000000084100000, 0x0000000084100000, 0x0000000084200000|  0%| F|  |TAMS 0x0000000084100000, 0x0000000084100000| Untracked 
|  36|0x0000000084200000, 0x0000000084200000, 0x0000000084300000|  0%| F|  |TAMS 0x0000000084200000, 0x0000000084200000| Untracked 
|  37|0x0000000084300000, 0x0000000084300000, 0x0000000084400000|  0%| F|  |TAMS 0x0000000084300000, 0x0000000084300000| Untracked 
|  38|0x0000000084400000, 0x0000000084400000, 0x0000000084500000|  0%| F|  |TAMS 0x0000000084400000, 0x0000000084400000| Untracked 
|  39|0x0000000084500000, 0x0000000084500000, 0x0000000084600000|  0%| F|  |TAMS 0x0000000084500000, 0x0000000084500000| Untracked 
|  40|0x0000000084600000, 0x0000000084600000, 0x0000000084700000|  0%| F|  |TAMS 0x0000000084600000, 0x0000000084600000| Untracked 
|  41|0x0000000084700000, 0x0000000084700000, 0x0000000084800000|  0%| F|  |TAMS 0x0000000084700000, 0x0000000084700000| Untracked 
|  42|0x0000000084800000, 0x0000000084800000, 0x0000000084900000|  0%| F|  |TAMS 0x0000000084800000, 0x0000000084800000| Untracked 
|  43|0x0000000084900000, 0x0000000084900000, 0x0000000084a00000|  0%| F|  |TAMS 0x0000000084900000, 0x0000000084900000| Untracked 
|  44|0x0000000084a00000, 0x0000000084a00000, 0x0000000084b00000|  0%| F|  |TAMS 0x0000000084a00000, 0x0000000084a00000| Untracked 
|  45|0x0000000084b00000, 0x0000000084b00000, 0x0000000084c00000|  0%| F|  |TAMS 0x0000000084b00000, 0x0000000084b00000| Untracked 
|  46|0x0000000084c00000, 0x0000000084c00000, 0x0000000084d00000|  0%| F|  |TAMS 0x0000000084c00000, 0x0000000084c00000| Untracked 
|  47|0x0000000084d00000, 0x0000000084d00000, 0x0000000084e00000|  0%| F|  |TAMS 0x0000000084d00000, 0x0000000084d00000| Untracked 
|  48|0x0000000084e00000, 0x0000000084e00000, 0x0000000084f00000|  0%| F|  |TAMS 0x0000000084e00000, 0x0000000084e00000| Untracked 
|  49|0x0000000084f00000, 0x0000000084f00000, 0x0000000085000000|  0%| F|  |TAMS 0x0000000084f00000, 0x0000000084f00000| Untracked 
|  50|0x0000000085000000, 0x0000000085000000, 0x0000000085100000|  0%| F|  |TAMS 0x0000000085000000, 0x0000000085000000| Untracked 
|  51|0x0000000085100000, 0x0000000085100000, 0x0000000085200000|  0%| F|  |TAMS 0x0000000085100000, 0x0000000085100000| Untracked 
|  52|0x0000000085200000, 0x0000000085200000, 0x0000000085300000|  0%| F|  |TAMS 0x0000000085200000, 0x0000000085200000| Untracked 
|  53|0x0000000085300000, 0x0000000085300000, 0x0000000085400000|  0%| F|  |TAMS 0x0000000085300000, 0x0000000085300000| Untracked 
|  54|0x0000000085400000, 0x0000000085400000, 0x0000000085500000|  0%| F|  |TAMS 0x0000000085400000, 0x0000000085400000| Untracked 
|  55|0x0000000085500000, 0x0000000085500000, 0x0000000085600000|  0%| F|  |TAMS 0x0000000085500000, 0x0000000085500000| Untracked 
|  56|0x0000000085600000, 0x0000000085600000, 0x0000000085700000|  0%| F|  |TAMS 0x0000000085600000, 0x0000000085600000| Untracked 
|  57|0x0000000085700000, 0x0000000085700000, 0x0000000085800000|  0%| F|  |TAMS 0x0000000085700000, 0x0000000085700000| Untracked 
|  58|0x0000000085800000, 0x0000000085800000, 0x0000000085900000|  0%| F|  |TAMS 0x0000000085800000, 0x0000000085800000| Untracked 
| 110|0x0000000088c00000, 0x0000000088c80800, 0x0000000088d00000| 50%| E|  |TAMS 0x0000000088c00000, 0x0000000088c00000| Complete 
| 111|0x0000000088d00000, 0x0000000088e00000, 0x0000000088e00000|100%| E|CS|TAMS 0x0000000088d00000, 0x0000000088d00000| Complete 
| 112|0x0000000088e00000, 0x0000000088f00000, 0x0000000088f00000|100%| E|CS|TAMS 0x0000000088e00000, 0x0000000088e00000| Complete 
| 113|0x0000000088f00000, 0x0000000089000000, 0x0000000089000000|100%| E|CS|TAMS 0x0000000088f00000, 0x0000000088f00000| Complete 
| 127|0x0000000089d00000, 0x0000000089e00000, 0x0000000089e00000|100%| E|CS|TAMS 0x0000000089d00000, 0x0000000089d00000| Complete 

Card table byte_map: [0x00000244a9590000,0x00000244a9990000] _byte_map_base: 0x00000244a9181000

Marking Bits (Prev, Next): (CMBitMap*) 0x00000244a18d9070, (CMBitMap*) 0x00000244a18d90b0
 Prev Bits: [0x00000244a9d90000, 0x00000244abd18000)
 Next Bits: [0x00000244abd20000, 0x00000244adca8000)

Polling page: 0x00000244a1970000

Metaspace:

Usage:
  Non-class:     33.89 MB used.
      Class:      4.91 MB used.
       Both:     38.80 MB used.

Virtual space:
  Non-class space:       40.00 MB reserved,      34.06 MB ( 85%) committed,  5 nodes.
      Class space:        1.00 GB reserved,       5.06 MB ( <1%) committed,  1 nodes.
             Both:        1.04 GB reserved,      39.12 MB (  4%) committed. 

Chunk freelists:
   Non-Class:  1.67 MB
       Class:  2.90 MB
        Both:  4.57 MB

MaxMetaspaceSize: unlimited
CompressedClassSpaceSize: 1.00 GB
Initial GC threshold: 21.00 MB
Current GC threshold: 65.25 MB
CDS: off
MetaspaceReclaimPolicy: balanced
 - commit_granule_bytes: 65536.
 - commit_granule_words: 8192.
 - virtual_space_node_default_size: 1048576.
 - enlarge_chunks_in_place: 1.
 - new_chunks_are_fully_committed: 0.
 - uncommit_free_chunks: 1.
 - use_allocation_guard: 0.
 - handle_deallocations: 1.


Internal statistics:

num_allocs_failed_limit: 3.
num_arena_births: 620.
num_arena_deaths: 290.
num_vsnodes_births: 6.
num_vsnodes_deaths: 0.
num_space_committed: 626.
num_space_uncommitted: 0.
num_chunks_returned_to_freelist: 342.
num_chunks_taken_from_freelist: 1940.
num_chunk_merges: 101.
num_chunk_splits: 1201.
num_chunks_enlarged: 875.
num_purges: 26.
num_inconsistent_stats: 0.

CodeCache: size=49152Kb used=16916Kb max_used=17594Kb free=32235Kb
 bounds [0x00000244a5cf0000, 0x00000244a6e70000, 0x00000244a8cf0000]
 total_blobs=8882 nmethods=8329 adapters=479
 compilation: enabled
              stopped_count=0, restarted_count=0
 full_count=0

Compilation events (20 events):
Event: 4811.999 Thread 0x00000244b0332de0 8324       1       org.springframework.ide.vscode.commons.protocol.java.Classpath::isProjectSource (20 bytes)
Event: 4811.999 Thread 0x00000244b0332de0 nmethod 8324 0x00000244a6e4d690 code [0x00000244a6e4d820, 0x00000244a6e4d968]
Event: 4881.442 Thread 0x00000244b0332de0 8325       1       org.eclipse.jdt.internal.compiler.parser.RecoveredAnnotation::<init> (34 bytes)
Event: 4881.442 Thread 0x00000244b0332de0 nmethod 8325 0x00000244a6e4d310 code [0x00000244a6e4d4a0, 0x00000244a6e4d5f8]
Event: 4881.442 Thread 0x00000244b0332de0 8326       1       org.eclipse.jdt.internal.compiler.parser.RecoveredAnnotation::addAnnotation (19 bytes)
Event: 4881.442 Thread 0x00000244b0332de0 nmethod 8326 0x00000244a6e4cf90 code [0x00000244a6e4d120, 0x00000244a6e4d278]
Event: 4881.442 Thread 0x00000244b0332de0 8327       1       org.eclipse.jdt.internal.compiler.parser.diagnose.DiagnoseParser::atConflictScenario (32 bytes)
Event: 4881.443 Thread 0x00000244b0332de0 nmethod 8327 0x00000244a6e4cc10 code [0x00000244a6e4cda0, 0x00000244a6e4ced8]
Event: 6023.789 Thread 0x00000244b0332de0 8328       1       org.eclipse.lsp4j.jsonrpc.RemoteEndpoint$$Lambda$403/0x00000001003ac800::apply (20 bytes)
Event: 6023.789 Thread 0x00000244b0332de0 nmethod 8328 0x00000244a6e4c890 code [0x00000244a6e4ca20, 0x00000244a6e4cb48]
Event: 6023.789 Thread 0x00000244b0332de0 8329       1       org.eclipse.lsp4j.jsonrpc.RemoteEndpoint::lambda$handleRequest$2 (123 bytes)
Event: 6023.822 Thread 0x00000244b0332de0 nmethod 8329 0x00000244a6e4b410 code [0x00000244a6e4b6c0, 0x00000244a6e4c378]
Event: 6023.822 Thread 0x00000244b0332de0 8330       1       org.eclipse.lsp4j.jsonrpc.messages.ResponseError::<init> (11 bytes)
Event: 6023.822 Thread 0x00000244b0332de0 nmethod 8330 0x00000244a6e4b010 code [0x00000244a6e4b1a0, 0x00000244a6e4b318]
Event: 6023.822 Thread 0x00000244b0332de0 8331       1       org.eclipse.lsp4j.jsonrpc.messages.ResponseError::<init> (20 bytes)
Event: 6023.822 Thread 0x00000244b0332de0 nmethod 8331 0x00000244a6e4ac90 code [0x00000244a6e4ae20, 0x00000244a6e4af78]
Event: 6023.822 Thread 0x00000244b0332de0 8332       1       org.eclipse.lsp4j.jsonrpc.RemoteEndpoint::createErrorResponseMessage (13 bytes)
Event: 6023.822 Thread 0x00000244b0332de0 nmethod 8332 0x00000244a6e4a710 code [0x00000244a6e4a8c0, 0x00000244a6e4ab98]
Event: 6262.142 Thread 0x00000244b0332de0 8333       1       java.lang.ProcessImpl::waitFor (136 bytes)
Event: 6262.211 Thread 0x00000244b0332de0 nmethod 8333 0x00000244a6e49a90 code [0x00000244a6e49ca0, 0x00000244a6e4a0b8]

GC Heap History (20 events):
Event: 6698.406 GC heap before
{Heap before GC invocations=665 (full 425):
 garbage-first heap   total 65536K, used 26945K [0x0000000081e00000, 0x0000000100000000)
  region size 1024K, 5 young (5120K), 0 survivors (0K)
 Metaspace       used 39732K, committed 40064K, reserved 1089536K
  class space    used 5029K, committed 5184K, reserved 1048576K
}
Event: 6698.448 GC heap after
{Heap after GC invocations=666 (full 426):
 garbage-first heap   total 65536K, used 22849K [0x0000000081e00000, 0x0000000100000000)
  region size 1024K, 0 young (0K), 0 survivors (0K)
 Metaspace       used 39732K, committed 40064K, reserved 1089536K
  class space    used 5029K, committed 5184K, reserved 1048576K
}
Event: 6710.022 GC heap before
{Heap before GC invocations=666 (full 426):
 garbage-first heap   total 65536K, used 26945K [0x0000000081e00000, 0x0000000100000000)
  region size 1024K, 5 young (5120K), 0 survivors (0K)
 Metaspace       used 39732K, committed 40064K, reserved 1089536K
  class space    used 5029K, committed 5184K, reserved 1048576K
}
Event: 6710.065 GC heap after
{Heap after GC invocations=667 (full 427):
 garbage-first heap   total 65536K, used 22849K [0x0000000081e00000, 0x0000000100000000)
  region size 1024K, 0 young (0K), 0 survivors (0K)
 Metaspace       used 39732K, committed 40064K, reserved 1089536K
  class space    used 5029K, committed 5184K, reserved 1048576K
}
Event: 6720.323 GC heap before
{Heap before GC invocations=667 (full 427):
 garbage-first heap   total 65536K, used 26945K [0x0000000081e00000, 0x0000000100000000)
  region size 1024K, 5 young (5120K), 0 survivors (0K)
 Metaspace       used 39732K, committed 40064K, reserved 1089536K
  class space    used 5029K, committed 5184K, reserved 1048576K
}
Event: 6720.356 GC heap after
{Heap after GC invocations=668 (full 428):
 garbage-first heap   total 65536K, used 22849K [0x0000000081e00000, 0x0000000100000000)
  region size 1024K, 0 young (0K), 0 survivors (0K)
 Metaspace       used 39732K, committed 40064K, reserved 1089536K
  class space    used 5029K, committed 5184K, reserved 1048576K
}
Event: 6730.702 GC heap before
{Heap before GC invocations=668 (full 428):
 garbage-first heap   total 65536K, used 26945K [0x0000000081e00000, 0x0000000100000000)
  region size 1024K, 5 young (5120K), 0 survivors (0K)
 Metaspace       used 39732K, committed 40064K, reserved 1089536K
  class space    used 5029K, committed 5184K, reserved 1048576K
}
Event: 6730.737 GC heap after
{Heap after GC invocations=669 (full 429):
 garbage-first heap   total 65536K, used 22849K [0x0000000081e00000, 0x0000000100000000)
  region size 1024K, 0 young (0K), 0 survivors (0K)
 Metaspace       used 39732K, committed 40064K, reserved 1089536K
  class space    used 5029K, committed 5184K, reserved 1048576K
}
Event: 6741.026 GC heap before
{Heap before GC invocations=669 (full 429):
 garbage-first heap   total 65536K, used 26945K [0x0000000081e00000, 0x0000000100000000)
  region size 1024K, 5 young (5120K), 0 survivors (0K)
 Metaspace       used 39732K, committed 40064K, reserved 1089536K
  class space    used 5029K, committed 5184K, reserved 1048576K
}
Event: 6741.067 GC heap after
{Heap after GC invocations=670 (full 430):
 garbage-first heap   total 65536K, used 22849K [0x0000000081e00000, 0x0000000100000000)
  region size 1024K, 0 young (0K), 0 survivors (0K)
 Metaspace       used 39732K, committed 40064K, reserved 1089536K
  class space    used 5029K, committed 5184K, reserved 1048576K
}
Event: 6751.460 GC heap before
{Heap before GC invocations=670 (full 430):
 garbage-first heap   total 65536K, used 26945K [0x0000000081e00000, 0x0000000100000000)
  region size 1024K, 5 young (5120K), 0 survivors (0K)
 Metaspace       used 39732K, committed 40064K, reserved 1089536K
  class space    used 5029K, committed 5184K, reserved 1048576K
}
Event: 6751.493 GC heap after
{Heap after GC invocations=671 (full 431):
 garbage-first heap   total 65536K, used 22849K [0x0000000081e00000, 0x0000000100000000)
  region size 1024K, 0 young (0K), 0 survivors (0K)
 Metaspace       used 39732K, committed 40064K, reserved 1089536K
  class space    used 5029K, committed 5184K, reserved 1048576K
}
Event: 6762.136 GC heap before
{Heap before GC invocations=671 (full 431):
 garbage-first heap   total 65536K, used 26945K [0x0000000081e00000, 0x0000000100000000)
  region size 1024K, 5 young (5120K), 0 survivors (0K)
 Metaspace       used 39732K, committed 40064K, reserved 1089536K
  class space    used 5029K, committed 5184K, reserved 1048576K
}
Event: 6762.179 GC heap after
{Heap after GC invocations=672 (full 432):
 garbage-first heap   total 65536K, used 22849K [0x0000000081e00000, 0x0000000100000000)
  region size 1024K, 0 young (0K), 0 survivors (0K)
 Metaspace       used 39732K, committed 40064K, reserved 1089536K
  class space    used 5029K, committed 5184K, reserved 1048576K
}
Event: 6773.394 GC heap before
{Heap before GC invocations=672 (full 432):
 garbage-first heap   total 65536K, used 28993K [0x0000000081e00000, 0x0000000100000000)
  region size 1024K, 7 young (7168K), 0 survivors (0K)
 Metaspace       used 39732K, committed 40064K, reserved 1089536K
  class space    used 5029K, committed 5184K, reserved 1048576K
}
Event: 6773.434 GC heap after
{Heap after GC invocations=673 (full 433):
 garbage-first heap   total 65536K, used 22850K [0x0000000081e00000, 0x0000000100000000)
  region size 1024K, 0 young (0K), 0 survivors (0K)
 Metaspace       used 39732K, committed 40064K, reserved 1089536K
  class space    used 5029K, committed 5184K, reserved 1048576K
}
Event: 6784.186 GC heap before
{Heap before GC invocations=673 (full 433):
 garbage-first heap   total 65536K, used 26946K [0x0000000081e00000, 0x0000000100000000)
  region size 1024K, 5 young (5120K), 0 survivors (0K)
 Metaspace       used 39732K, committed 40064K, reserved 1089536K
  class space    used 5029K, committed 5184K, reserved 1048576K
}
Event: 6784.221 GC heap after
{Heap after GC invocations=674 (full 434):
 garbage-first heap   total 65536K, used 22849K [0x0000000081e00000, 0x0000000100000000)
  region size 1024K, 0 young (0K), 0 survivors (0K)
 Metaspace       used 39732K, committed 40064K, reserved 1089536K
  class space    used 5029K, committed 5184K, reserved 1048576K
}
Event: 6794.941 GC heap before
{Heap before GC invocations=674 (full 434):
 garbage-first heap   total 65536K, used 27969K [0x0000000081e00000, 0x0000000100000000)
  region size 1024K, 6 young (6144K), 0 survivors (0K)
 Metaspace       used 39732K, committed 40064K, reserved 1089536K
  class space    used 5029K, committed 5184K, reserved 1048576K
}
Event: 6794.984 GC heap after
{Heap after GC invocations=675 (full 435):
 garbage-first heap   total 65536K, used 22850K [0x0000000081e00000, 0x0000000100000000)
  region size 1024K, 0 young (0K), 0 survivors (0K)
 Metaspace       used 39732K, committed 40064K, reserved 1089536K
  class space    used 5029K, committed 5184K, reserved 1048576K
}

Deoptimization events (20 events):
Event: 1333.063 Thread 0x00000244b33b8820 DEOPT PACKING pc=0x00000244a651ab26 sp=0x0000006cc24fdac0
Event: 1333.063 Thread 0x00000244b33b8820 DEOPT UNPACKING pc=0x00000244a5d42b43 sp=0x0000006cc24fd048 mode 0
Event: 1333.086 Thread 0x00000244b33b8820 DEOPT PACKING pc=0x00000244a682bebc sp=0x0000006cc24fd9a0
Event: 1333.086 Thread 0x00000244b33b8820 DEOPT UNPACKING pc=0x00000244a5d42b43 sp=0x0000006cc24fce88 mode 0
Event: 1333.190 Thread 0x00000244b33b8820 DEOPT PACKING pc=0x00000244a69508c6 sp=0x0000006cc24fdc90
Event: 1333.190 Thread 0x00000244b33b8820 DEOPT UNPACKING pc=0x00000244a5d42b43 sp=0x0000006cc24fd150 mode 3
Event: 1335.847 Thread 0x00000244b33b8820 DEOPT PACKING pc=0x00000244a6a0a618 sp=0x0000006cc24fdeb0
Event: 1335.847 Thread 0x00000244b33b8820 DEOPT UNPACKING pc=0x00000244a5d42b43 sp=0x0000006cc24fd3a8 mode 3
Event: 1335.854 Thread 0x00000244b33b8820 DEOPT PACKING pc=0x00000244a6a04f29 sp=0x0000006cc24fdc90
Event: 1335.854 Thread 0x00000244b33b8820 DEOPT UNPACKING pc=0x00000244a5d42b43 sp=0x0000006cc24fd190 mode 3
Event: 1998.833 Thread 0x00000244b33b8820 DEOPT PACKING pc=0x00000244a6a5bd7b sp=0x0000006cc24fdc50
Event: 1998.833 Thread 0x00000244b33b8820 DEOPT UNPACKING pc=0x00000244a5d42b43 sp=0x0000006cc24fd1a0 mode 3
Event: 2062.281 Thread 0x00000244b33b8820 DEOPT PACKING pc=0x00000244a66ea365 sp=0x0000006cc24fda50
Event: 2062.281 Thread 0x00000244b33b8820 DEOPT UNPACKING pc=0x00000244a5d42b43 sp=0x0000006cc24fcfe0 mode 3
Event: 2242.794 Thread 0x00000244b3220490 DEOPT PACKING pc=0x00000244a6bed718 sp=0x0000006cc1ffe830
Event: 2242.794 Thread 0x00000244b3220490 DEOPT UNPACKING pc=0x00000244a5d42b43 sp=0x0000006cc1ffde78 mode 3
Event: 2448.821 Thread 0x00000244b33b8820 DEOPT PACKING pc=0x00000244a6a1de2b sp=0x0000006cc24fd910
Event: 2448.821 Thread 0x00000244b33b8820 DEOPT UNPACKING pc=0x00000244a5d42b43 sp=0x0000006cc24fce10 mode 3
Event: 2879.801 Thread 0x00000244b33b8820 DEOPT PACKING pc=0x00000244a6c88ba0 sp=0x0000006cc24fd980
Event: 2879.801 Thread 0x00000244b33b8820 DEOPT UNPACKING pc=0x00000244a5d42b43 sp=0x0000006cc24fce78 mode 3

Classes unloaded (20 events):
Event: 2992.482 Thread 0x00000244b02bcdd0 Unloading class 0x0000000100508000 'jdk/internal/reflect/GeneratedConstructorAccessor43'
Event: 2992.482 Thread 0x00000244b02bcdd0 Unloading class 0x0000000100510000 'jdk/internal/reflect/GeneratedMethodAccessor37'
Event: 2992.482 Thread 0x00000244b02bcdd0 Unloading class 0x0000000100511000 'jdk/internal/reflect/GeneratedMethodAccessor36'
Event: 2992.482 Thread 0x00000244b02bcdd0 Unloading class 0x0000000100512000 'jdk/internal/reflect/GeneratedMethodAccessor35'
Event: 3511.222 Thread 0x00000244b02bcdd0 Unloading class 0x0000000100511c00 'jdk/internal/reflect/GeneratedConstructorAccessor48'
Event: 3511.222 Thread 0x00000244b02bcdd0 Unloading class 0x0000000100511800 'jdk/internal/reflect/GeneratedMethodAccessor44'
Event: 3511.222 Thread 0x00000244b02bcdd0 Unloading class 0x000000010050bc00 'jdk/internal/reflect/GeneratedConstructorAccessor47'
Event: 3511.222 Thread 0x00000244b02bcdd0 Unloading class 0x000000010050b800 'jdk/internal/reflect/GeneratedMethodAccessor43'
Event: 3511.222 Thread 0x00000244b02bcdd0 Unloading class 0x0000000100512000 'jdk/internal/reflect/GeneratedConstructorAccessor46'
Event: 3511.222 Thread 0x00000244b02bcdd0 Unloading class 0x0000000100511000 'jdk/internal/reflect/GeneratedMethodAccessor42'
Event: 3511.222 Thread 0x00000244b02bcdd0 Unloading class 0x0000000100510000 'jdk/internal/reflect/GeneratedMethodAccessor41'
Event: 3511.222 Thread 0x00000244b02bcdd0 Unloading class 0x0000000100508000 'jdk/internal/reflect/GeneratedMethodAccessor40'
Event: 4627.699 Thread 0x00000244b02bcdd0 Unloading class 0x000000010050bc00 'jdk/internal/reflect/GeneratedConstructorAccessor51'
Event: 4627.699 Thread 0x00000244b02bcdd0 Unloading class 0x000000010050b800 'jdk/internal/reflect/GeneratedMethodAccessor49'
Event: 4627.699 Thread 0x00000244b02bcdd0 Unloading class 0x0000000100511c00 'jdk/internal/reflect/GeneratedConstructorAccessor50'
Event: 4627.699 Thread 0x00000244b02bcdd0 Unloading class 0x0000000100511800 'jdk/internal/reflect/GeneratedMethodAccessor48'
Event: 4627.699 Thread 0x00000244b02bcdd0 Unloading class 0x0000000100508000 'jdk/internal/reflect/GeneratedConstructorAccessor49'
Event: 4627.699 Thread 0x00000244b02bcdd0 Unloading class 0x0000000100510000 'jdk/internal/reflect/GeneratedMethodAccessor47'
Event: 4627.699 Thread 0x00000244b02bcdd0 Unloading class 0x0000000100511000 'jdk/internal/reflect/GeneratedMethodAccessor46'
Event: 4627.699 Thread 0x00000244b02bcdd0 Unloading class 0x0000000100512000 'jdk/internal/reflect/GeneratedMethodAccessor45'

Classes redefined (0 events):
No events

Internal exceptions (20 events):
Event: 5365.327 Thread 0x00000244b33b8820 Exception <a 'java/lang/ArrayIndexOutOfBoundsException'{0x0000000085824028}> (0x0000000085824028) 
thrown [e:\jenkins\tmp\workspace\build\src\src\hotspot\share\runtime\sharedRuntime.cpp, line 628]
Event: 5366.151 Thread 0x00000244b33b8820 Exception <a 'java/lang/ArrayIndexOutOfBoundsException'{0x00000000856a2a90}> (0x00000000856a2a90) 
thrown [e:\jenkins\tmp\workspace\build\src\src\hotspot\share\runtime\sharedRuntime.cpp, line 628]
Event: 5367.548 Thread 0x00000244b3220490 Exception <a 'java/lang/ArrayIndexOutOfBoundsException'{0x0000000085394358}> (0x0000000085394358) 
thrown [e:\jenkins\tmp\workspace\build\src\src\hotspot\share\runtime\sharedRuntime.cpp, line 628]
Event: 5367.578 Thread 0x00000244b3220490 Exception <a 'java/lang/ArrayIndexOutOfBoundsException'{0x000000008496b388}> (0x000000008496b388) 
thrown [e:\jenkins\tmp\workspace\build\src\src\hotspot\share\runtime\sharedRuntime.cpp, line 628]
Event: 5367.579 Thread 0x00000244b3220490 Exception <a 'java/lang/ArrayIndexOutOfBoundsException'{0x00000000849807f8}> (0x00000000849807f8) 
thrown [e:\jenkins\tmp\workspace\build\src\src\hotspot\share\runtime\sharedRuntime.cpp, line 628]
Event: 5367.581 Thread 0x00000244b3220490 Exception <a 'java/lang/ArrayIndexOutOfBoundsException'{0x00000000849914a8}> (0x00000000849914a8) 
thrown [e:\jenkins\tmp\workspace\build\src\src\hotspot\share\runtime\sharedRuntime.cpp, line 628]
Event: 5367.582 Thread 0x00000244b3220490 Exception <a 'java/lang/ArrayIndexOutOfBoundsException'{0x00000000849aa470}> (0x00000000849aa470) 
thrown [e:\jenkins\tmp\workspace\build\src\src\hotspot\share\runtime\sharedRuntime.cpp, line 628]
Event: 5367.582 Thread 0x00000244b3220490 Exception <a 'java/lang/ArrayIndexOutOfBoundsException'{0x00000000849bedd8}> (0x00000000849bedd8) 
thrown [e:\jenkins\tmp\workspace\build\src\src\hotspot\share\runtime\sharedRuntime.cpp, line 628]
Event: 5367.583 Thread 0x00000244b3220490 Exception <a 'java/lang/ArrayIndexOutOfBoundsException'{0x00000000849d34f0}> (0x00000000849d34f0) 
thrown [e:\jenkins\tmp\workspace\build\src\src\hotspot\share\runtime\sharedRuntime.cpp, line 628]
Event: 5367.583 Thread 0x00000244b3220490 Exception <a 'java/lang/ArrayIndexOutOfBoundsException'{0x00000000849e5c40}> (0x00000000849e5c40) 
thrown [e:\jenkins\tmp\workspace\build\src\src\hotspot\share\runtime\sharedRuntime.cpp, line 628]
Event: 5367.583 Thread 0x00000244b3220490 Exception <a 'java/lang/ArrayIndexOutOfBoundsException'{0x00000000849f8428}> (0x00000000849f8428) 
thrown [e:\jenkins\tmp\workspace\build\src\src\hotspot\share\runtime\sharedRuntime.cpp, line 628]
Event: 5367.583 Thread 0x00000244b3220490 Exception <a 'java/lang/ArrayIndexOutOfBoundsException'{0x000000008480d278}> (0x000000008480d278) 
thrown [e:\jenkins\tmp\workspace\build\src\src\hotspot\share\runtime\sharedRuntime.cpp, line 628]
Event: 5367.584 Thread 0x00000244b3220490 Exception <a 'java/lang/ArrayIndexOutOfBoundsException'{0x00000000848242e0}> (0x00000000848242e0) 
thrown [e:\jenkins\tmp\workspace\build\src\src\hotspot\share\runtime\sharedRuntime.cpp, line 628]
Event: 5367.584 Thread 0x00000244b3220490 Exception <a 'java/lang/ArrayIndexOutOfBoundsException'{0x0000000084838ab0}> (0x0000000084838ab0) 
thrown [e:\jenkins\tmp\workspace\build\src\src\hotspot\share\runtime\sharedRuntime.cpp, line 628]
Event: 5367.585 Thread 0x00000244b3220490 Exception <a 'java/lang/ArrayIndexOutOfBoundsException'{0x000000008484fea8}> (0x000000008484fea8) 
thrown [e:\jenkins\tmp\workspace\build\src\src\hotspot\share\runtime\sharedRuntime.cpp, line 628]
Event: 5367.585 Thread 0x00000244b3220490 Exception <a 'java/lang/ArrayIndexOutOfBoundsException'{0x00000000848676c0}> (0x00000000848676c0) 
thrown [e:\jenkins\tmp\workspace\build\src\src\hotspot\share\runtime\sharedRuntime.cpp, line 628]
Event: 5367.589 Thread 0x00000244b3220490 Exception <a 'java/lang/ArrayIndexOutOfBoundsException'{0x00000000848c0350}> (0x00000000848c0350) 
thrown [e:\jenkins\tmp\workspace\build\src\src\hotspot\share\runtime\sharedRuntime.cpp, line 628]
Event: 5367.589 Thread 0x00000244b3220490 Exception <a 'java/lang/ArrayIndexOutOfBoundsException'{0x00000000848ca570}> (0x00000000848ca570) 
thrown [e:\jenkins\tmp\workspace\build\src\src\hotspot\share\runtime\sharedRuntime.cpp, line 628]
Event: 5367.590 Thread 0x00000244b3220490 Exception <a 'java/lang/ArrayIndexOutOfBoundsException'{0x00000000848d49f0}> (0x00000000848d49f0) 
thrown [e:\jenkins\tmp\workspace\build\src\src\hotspot\share\runtime\sharedRuntime.cpp, line 628]
Event: 5367.590 Thread 0x00000244b3220490 Exception <a 'java/lang/ArrayIndexOutOfBoundsException'{0x00000000848e0918}> (0x00000000848e0918) 
thrown [e:\jenkins\tmp\workspace\build\src\src\hotspot\share\runtime\sharedRuntime.cpp, line 628]

VM Operations (20 events):
Event: 6698.448 Executing VM operation: G1CollectFull done
Event: 6710.022 Executing VM operation: G1CollectFull
Event: 6710.065 Executing VM operation: G1CollectFull done
Event: 6720.323 Executing VM operation: G1CollectFull
Event: 6720.356 Executing VM operation: G1CollectFull done
Event: 6730.702 Executing VM operation: G1CollectFull
Event: 6730.737 Executing VM operation: G1CollectFull done
Event: 6741.026 Executing VM operation: G1CollectFull
Event: 6741.067 Executing VM operation: G1CollectFull done
Event: 6751.460 Executing VM operation: G1CollectFull
Event: 6751.493 Executing VM operation: G1CollectFull done
Event: 6762.136 Executing VM operation: G1CollectFull
Event: 6762.180 Executing VM operation: G1CollectFull done
Event: 6773.394 Executing VM operation: G1CollectFull
Event: 6773.434 Executing VM operation: G1CollectFull done
Event: 6784.186 Executing VM operation: G1CollectFull
Event: 6784.221 Executing VM operation: G1CollectFull done
Event: 6794.941 Executing VM operation: G1CollectFull
Event: 6794.984 Executing VM operation: G1CollectFull done
Event: 6809.120 Executing VM operation: G1CollectFull

Events (20 events):
Event: 2379.598 Thread 0x00000244b3578dc0 Thread added: 0x00000244b3578dc0
Event: 2379.601 Thread 0x00000244b3ad6290 Thread added: 0x00000244b3ad6290
Event: 2386.670 Thread 0x00000244b3ad6290 Thread exited: 0x00000244b3ad6290
Event: 2389.618 Thread 0x00000244b3578dc0 Thread exited: 0x00000244b3578dc0
Event: 2448.788 loading class java/util/function/ToIntFunction
Event: 2448.788 loading class java/util/function/ToIntFunction done
Event: 2448.788 loading class java/util/stream/ReferencePipeline$4
Event: 2448.788 loading class java/util/stream/ReferencePipeline$4 done
Event: 2448.789 loading class java/util/stream/Nodes$IntFixedNodeBuilder
Event: 2448.789 loading class java/util/stream/Nodes$IntArrayNode
Event: 2448.789 loading class java/util/stream/Nodes$IntArrayNode done
Event: 2448.789 loading class java/util/stream/Nodes$IntFixedNodeBuilder done
Event: 2448.789 loading class java/util/stream/ReferencePipeline$4$1
Event: 2448.790 loading class java/util/stream/ReferencePipeline$4$1 done
Event: 2462.354 Thread 0x00000244b3a1c3a0 Thread added: 0x00000244b3a1c3a0
Event: 2469.253 Thread 0x00000244b3a1c3a0 Thread exited: 0x00000244b3a1c3a0
Event: 2878.115 Thread 0x00000244b3af33b0 Thread added: 0x00000244b3af33b0
Event: 2878.118 Thread 0x00000244b3af38c0 Thread added: 0x00000244b3af38c0
Event: 2886.194 Thread 0x00000244b3af33b0 Thread exited: 0x00000244b3af33b0
Event: 2886.194 Thread 0x00000244b3af38c0 Thread exited: 0x00000244b3af38c0


Dynamic libraries:
0x00007ff628ea0000 - 0x00007ff628eae000 	c:\Users\ASUS\.vscode\extensions\redhat.java-1.5.0-win32-x64\jre\17.0.2-win32-x86_64\bin\java.exe
0x00007ffa5dd30000 - 0x00007ffa5df25000 	C:\Windows\SYSTEM32\ntdll.dll
0x00007ffa4c500000 - 0x00007ffa4c516000 	C:\Program Files\Avast Software\Avast\aswhook.dll
0x00007ffa5d360000 - 0x00007ffa5d41e000 	C:\Windows\System32\KERNEL32.DLL
0x00007ffa5b4e0000 - 0x00007ffa5b7a8000 	C:\Windows\System32\KERNELBASE.dll
0x00007ffa5b860000 - 0x00007ffa5b960000 	C:\Windows\System32\ucrtbase.dll
0x00007ffa26e80000 - 0x00007ffa26e99000 	c:\Users\ASUS\.vscode\extensions\redhat.java-1.5.0-win32-x64\jre\17.0.2-win32-x86_64\bin\VCRUNTIME140.dll
0x00007ffa273a0000 - 0x00007ffa273b8000 	c:\Users\ASUS\.vscode\extensions\redhat.java-1.5.0-win32-x64\jre\17.0.2-win32-x86_64\bin\jli.dll
0x00007ffa5d5e0000 - 0x00007ffa5d780000 	C:\Windows\System32\USER32.dll
0x00007ffa5bbd0000 - 0x00007ffa5bbf2000 	C:\Windows\System32\win32u.dll
0x00007ffa4a140000 - 0x00007ffa4a3da000 	C:\Windows\WinSxS\amd64_microsoft.windows.common-controls_6595b64144ccf1df_6.0.19041.1110_none_60b5254171f9507e\COMCTL32.dll
0x00007ffa5bf50000 - 0x00007ffa5bf7a000 	C:\Windows\System32\GDI32.dll
0x00007ffa5c030000 - 0x00007ffa5c0ce000 	C:\Windows\System32\msvcrt.dll
0x00007ffa5b960000 - 0x00007ffa5ba6b000 	C:\Windows\System32\gdi32full.dll
0x00007ffa5bcf0000 - 0x00007ffa5bd8d000 	C:\Windows\System32\msvcp_win.dll
0x00007ffa5d500000 - 0x00007ffa5d530000 	C:\Windows\System32\IMM32.DLL
0x00007ffa35e50000 - 0x00007ffa35e5c000 	c:\Users\ASUS\.vscode\extensions\redhat.java-1.5.0-win32-x64\jre\17.0.2-win32-x86_64\bin\vcruntime140_1.dll
0x00007ffa16130000 - 0x00007ffa161c1000 	c:\Users\ASUS\.vscode\extensions\redhat.java-1.5.0-win32-x64\jre\17.0.2-win32-x86_64\bin\msvcp140.dll
0x00007ffa13870000 - 0x00007ffa144b7000 	c:\Users\ASUS\.vscode\extensions\redhat.java-1.5.0-win32-x64\jre\17.0.2-win32-x86_64\bin\server\jvm.dll
0x00007ffa5d530000 - 0x00007ffa5d5de000 	C:\Windows\System32\ADVAPI32.dll
0x00007ffa5c2a0000 - 0x00007ffa5c33c000 	C:\Windows\System32\sechost.dll
0x00007ffa5bd90000 - 0x00007ffa5beb5000 	C:\Windows\System32\RPCRT4.dll
0x00007ffa5daf0000 - 0x00007ffa5daf8000 	C:\Windows\System32\PSAPI.DLL
0x00007ffa55b70000 - 0x00007ffa55b97000 	C:\Windows\SYSTEM32\WINMM.dll
0x00007ffa55fe0000 - 0x00007ffa55fe9000 	C:\Windows\SYSTEM32\WSOCK32.dll
0x00007ffa5ce10000 - 0x00007ffa5ce7b000 	C:\Windows\System32\WS2_32.dll
0x00007ffa524a0000 - 0x00007ffa524aa000 	C:\Windows\SYSTEM32\VERSION.dll
0x00007ffa59cf0000 - 0x00007ffa59d02000 	C:\Windows\SYSTEM32\kernel.appcore.dll
0x00007ffa50bb0000 - 0x00007ffa50bba000 	c:\Users\ASUS\.vscode\extensions\redhat.java-1.5.0-win32-x64\jre\17.0.2-win32-x86_64\bin\jimage.dll
0x00007ffa59270000 - 0x00007ffa59454000 	C:\Windows\SYSTEM32\DBGHELP.DLL
0x00007ffa52330000 - 0x00007ffa5235c000 	C:\Windows\SYSTEM32\dbgcore.DLL
0x00007ffa5b450000 - 0x00007ffa5b4d2000 	C:\Windows\System32\bcryptPrimitives.dll
0x00007ffa1e7e0000 - 0x00007ffa1e805000 	c:\Users\ASUS\.vscode\extensions\redhat.java-1.5.0-win32-x64\jre\17.0.2-win32-x86_64\bin\java.dll
0x00007ffa12dd0000 - 0x00007ffa12de8000 	c:\Users\ASUS\.vscode\extensions\redhat.java-1.5.0-win32-x64\jre\17.0.2-win32-x86_64\bin\zip.dll
0x00007ffa5c340000 - 0x00007ffa5ca84000 	C:\Windows\System32\SHELL32.dll
0x00007ffa59550000 - 0x00007ffa59ce4000 	C:\Windows\SYSTEM32\windows.storage.dll
0x00007ffa5d790000 - 0x00007ffa5dae4000 	C:\Windows\System32\combase.dll
0x00007ffa5add0000 - 0x00007ffa5adfc000 	C:\Windows\SYSTEM32\Wldp.dll
0x00007ffa5db00000 - 0x00007ffa5dbad000 	C:\Windows\System32\SHCORE.dll
0x00007ffa5dc90000 - 0x00007ffa5dce5000 	C:\Windows\System32\shlwapi.dll
0x00007ffa5b390000 - 0x00007ffa5b3af000 	C:\Windows\SYSTEM32\profapi.dll
0x00007ffa12c60000 - 0x00007ffa12c79000 	C:\Users\ASUS\.vscode\extensions\redhat.java-1.5.0-win32-x64\jre\17.0.2-win32-x86_64\bin\net.dll
0x00007ffa4f990000 - 0x00007ffa4fa9a000 	C:\Windows\SYSTEM32\WINHTTP.dll
0x00007ffa5ab50000 - 0x00007ffa5abba000 	C:\Windows\system32\mswsock.dll
0x00007ffa12c40000 - 0x00007ffa12c55000 	C:\Users\ASUS\.vscode\extensions\redhat.java-1.5.0-win32-x64\jre\17.0.2-win32-x86_64\bin\nio.dll
0x00007ffa424c0000 - 0x00007ffa424d0000 	c:\Users\ASUS\.vscode\extensions\redhat.java-1.5.0-win32-x64\jre\17.0.2-win32-x86_64\bin\verify.dll
0x00007ffa505d0000 - 0x00007ffa505d9000 	C:\Users\ASUS\.vscode\extensions\redhat.java-1.5.0-win32-x64\jre\17.0.2-win32-x86_64\bin\management.dll
0x00007ffa4f060000 - 0x00007ffa4f06b000 	C:\Users\ASUS\.vscode\extensions\redhat.java-1.5.0-win32-x64\jre\17.0.2-win32-x86_64\bin\management_ext.dll
0x00007ffa51370000 - 0x00007ffa51387000 	C:\Windows\system32\napinsp.dll
0x00007ffa521d0000 - 0x00007ffa521eb000 	C:\Windows\system32\pnrpnsp.dll
0x00007ffa565b0000 - 0x00007ffa565c5000 	C:\Windows\system32\wshbth.dll
0x00007ffa565e0000 - 0x00007ffa565fd000 	C:\Windows\system32\NLAapi.dll
0x00007ffa5a840000 - 0x00007ffa5a87b000 	C:\Windows\SYSTEM32\IPHLPAPI.DLL
0x00007ffa5a890000 - 0x00007ffa5a95b000 	C:\Windows\SYSTEM32\DNSAPI.dll
0x00007ffa5d780000 - 0x00007ffa5d788000 	C:\Windows\System32\NSI.dll
0x00007ffa4a3e0000 - 0x00007ffa4a3f2000 	C:\Windows\System32\winrnr.dll
0x00007ffa514e0000 - 0x00007ffa514ea000 	C:\Windows\System32\rasadhlp.dll
0x00007ffa4f800000 - 0x00007ffa4f87f000 	C:\Windows\System32\fwpuclnt.dll
0x00007ffa5bcc0000 - 0x00007ffa5bce7000 	C:\Windows\System32\bcrypt.dll
0x00007ffa5ad40000 - 0x00007ffa5ad58000 	C:\Windows\SYSTEM32\CRYPTSP.dll
0x00007ffa5a4d0000 - 0x00007ffa5a504000 	C:\Windows\system32\rsaenh.dll
0x00007ffa5b310000 - 0x00007ffa5b33e000 	C:\Windows\SYSTEM32\USERENV.dll
0x00007ffa5ad60000 - 0x00007ffa5ad6c000 	C:\Windows\SYSTEM32\CRYPTBASE.dll
0x00007ffa52fa0000 - 0x00007ffa52fb7000 	C:\Windows\SYSTEM32\dhcpcsvc6.DLL
0x00007ffa56600000 - 0x00007ffa5661d000 	C:\Windows\SYSTEM32\dhcpcsvc.DLL
0x00007ffa42a90000 - 0x00007ffa42a99000 	C:\Users\ASUS\.vscode\extensions\redhat.java-1.5.0-win32-x64\jre\17.0.2-win32-x86_64\bin\attach.dll

dbghelp: loaded successfully - version: 4.0.5 - missing functions: none
symbol engine: initialized successfully - sym options: 0x614 - pdb path: .;c:\Users\ASUS\.vscode\extensions\redhat.java-1.5.0-win32-x64\jre\17.0.2-win32-x86_64\bin;C:\Windows\SYSTEM32;C:\Program Files\Avast Software\Avast;C:\Windows\WinSxS\amd64_microsoft.windows.common-controls_6595b64144ccf1df_6.0.19041.1110_none_60b5254171f9507e;c:\Users\ASUS\.vscode\extensions\redhat.java-1.5.0-win32-x64\jre\17.0.2-win32-x86_64\bin\server

VM Arguments:
jvm_args: -Dsts.lsp.client=vscode -Dsts.log.file=/dev/null -XX:TieredStopAtLevel=1 -Dspring.config.location=file:c:\Users\ASUS\.vscode\extensions\pivotal.vscode-spring-boot-1.32.0\language-server\BOOT-INF\classes\application.properties 
java_command: org.springframework.ide.vscode.boot.app.BootLanguageServerBootApp
java_class_path (initial): c:\Users\ASUS\.vscode\extensions\pivotal.vscode-spring-boot-1.32.0\language-server\BOOT-INF\classes;c:\Users\ASUS\.vscode\extensions\pivotal.vscode-spring-boot-1.32.0\language-server\BOOT-INF\lib\antlr4-runtime-4.5.3.jar;c:\Users\ASUS\.vscode\extensions\pivotal.vscode-spring-boot-1.32.0\language-server\BOOT-INF\lib\byte-buddy-1.10.18.jar;c:\Users\ASUS\.vscode\extensions\pivotal.vscode-spring-boot-1.32.0\language-server\BOOT-INF\lib\commons-codec-1.14.jar;c:\Users\ASUS\.vscode\extensions\pivotal.vscode-spring-boot-1.32.0\language-server\BOOT-INF\lib\commons-io-2.4.jar;c:\Users\ASUS\.vscode\extensions\pivotal.vscode-spring-boot-1.32.0\language-server\BOOT-INF\lib\commons-java-1.32.0-SNAPSHOT.jar;c:\Users\ASUS\.vscode\extensions\pivotal.vscode-spring-boot-1.32.0\language-server\BOOT-INF\lib\commons-lang3-3.10.jar;c:\Users\ASUS\.vscode\extensions\pivotal.vscode-spring-boot-1.32.0\language-server\BOOT-INF\lib\commons-language-server-1.32.0-SNAPSHOT.jar;c:\Users\ASUS\.vscode\extensions\pivotal.vscode-spring-boot-1.32.0\language-server\BOOT-INF\lib\commons-lsp-extensions-1.32.0-SNAPSHOT.jar;c:\Users\ASUS\.vscode\extensions\pivotal.vscode-spring-boot-1.32.0\language-server\BOOT-INF\lib\commons-util-1.32.0-SNAPSHOT.jar;c:\Users\ASUS\.vscode\extensions\pivotal.vscode-spring-boot-1.32.0\language-server\BOOT-INF\lib\commons-yaml-1.32.0-SNAPSHOT.jar;c:\Users\ASUS\.vscode\extensions\pivotal.vscode-spring-boot-1.32.0\language-server\BOOT-INF\lib\gson-2.8.6.jar;c:\Users\ASUS\.vscode\extensions\pivotal.vscode-spring-boot-1.32.0\language-server\BOOT-INF\lib\guava-19.0.jar;c:\Users\ASUS\.vscode\extensions\pivotal.vscode-spring-boot-1.32.0\language-server\BOOT-INF\lib\jakarta.annotation-api-1.3.5.jar;c:\Users\ASUS\.vscode\extensions\pivotal.vscode-spring-boot-1.32.0\language-server\BOOT-INF\lib\jandex-2.0.5.Final.jar;c:\Users\ASUS\.vscode\extensions\pivotal.vscode-spring-boot-1.32.0\language-server\BOOT-INF\lib\java-properties-1.32.0-SNAPSHOT.jar;c:\Users\A
Launcher Type: SUN_STANDARD

[Global flags]
     intx CICompilerCount                          = 3                                         {product} {ergonomic}
     uint ConcGCThreads                            = 1                                         {product} {ergonomic}
     uint G1ConcRefinementThreads                  = 4                                         {product} {ergonomic}
   size_t G1HeapRegionSize                         = 1048576                                   {product} {ergonomic}
    uintx GCDrainStackTargetSize                   = 64                                        {product} {ergonomic}
   size_t InitialHeapSize                          = 134217728                                 {product} {ergonomic}
   size_t MarkStackSize                            = 4194304                                   {product} {ergonomic}
   size_t MaxHeapSize                              = 2116026368                                {product} {ergonomic}
   size_t MaxNewSize                               = 1268776960                                {product} {ergonomic}
   size_t MinHeapDeltaBytes                        = 1048576                                   {product} {ergonomic}
   size_t MinHeapSize                              = 8388608                                   {product} {ergonomic}
    uintx NonProfiledCodeHeapSize                  = 0                                      {pd product} {ergonomic}
     bool ProfileInterpreter                       = false                                  {pd product} {command line}
    uintx ProfiledCodeHeapSize                     = 0                                      {pd product} {ergonomic}
   size_t SoftMaxHeapSize                          = 2116026368                             {manageable} {ergonomic}
     intx TieredStopAtLevel                        = 1                                         {product} {command line}
     bool UseCompressedClassPointers               = true                           {product lp64_product} {ergonomic}
     bool UseCompressedOops                        = true                           {product lp64_product} {ergonomic}
     bool UseG1GC                                  = true                                      {product} {ergonomic}
     bool UseLargePagesIndividualAllocation        = false                                  {pd product} {ergonomic}

Logging:
Log output configuration:
 #0: stdout all=warning uptime,level,tags
 #1: stderr all=off uptime,level,tags

Environment Variables:
PATH=C:\Program Files (x86)\Common Files\Oracle\Java\javapath;C:\Windows\system32;C:\Windows;C:\Windows\System32\Wbem;C:\Windows\System32\WindowsPowerShell\v1.0\;C:\Windows\System32\OpenSSH\;C:\Program Files (x86)\NVIDIA Corporation\PhysX\Common;C:\Users\ASUS\AppData\Roaming\nvm;C:\Program Files\nodejs;C:\Users\ASUS\AppData\Local\Android\Sdk\platforms;C:\Users\ASUS\AppData\Local\Android\Sdk\platform-tools;C:\Users\ASUS\AppData\Local\Android\Sdk;C:\Program Files\Git\cmd;C:\Program Files\MySQL\MySQL Shell 8.0\bin\;C:\Users\ASUS\AppData\Local\Microsoft\WindowsApps;C:\xampp\php;C:\Users\ASUS\AppData\Local\Programs\Microsoft VS Code\bin;C:\Users\ASUS\AppData\Roaming\npm;C:\Users\ASUS\AppData\Roaming\nvm;C:\Program Files\nodejs;C:\Gradle\gradle-7.4\bin;C:\Users\ASUS\AppData\Local\Android\Sdk\platforms;C:\Users\ASUS\AppData\Local\Android\Sdk\platform-tools;C:\Users\ASUS\AppData\Local\Android\Sdk;
USERNAME=ASUS
OS=Windows_NT
PROCESSOR_IDENTIFIER=Intel64 Family 6 Model 142 Stepping 9, GenuineIntel



---------------  S Y S T E M  ---------------

OS:
 Windows 10 , 64 bit Build 19041 (10.0.19041.1645)
OS uptime: 1 days 0:23 hours

CPU: total 4 (initial active 4) (2 cores per cpu, 2 threads per core) family 6 model 142 stepping 9 microcode 0xb4, cx8, cmov, fxsr, ht, mmx, 3dnowpref, sse, sse2, sse3, ssse3, sse4.1, sse4.2, popcnt, lzcnt, tsc, tscinvbit, avx, avx2, aes, erms, clmul, bmi1, bmi2, adx, fma, vzeroupper, clflush, clflushopt

Memory: 4k page, system-wide physical 8071M (487M free)
TotalPageFile size 32647M (AvailPageFile size 57M)
current process WorkingSet (physical memory assigned to process): 90M, peak: 162M
current process commit charge ("private bytes"): 195M, peak: 221M

vm_info: OpenJDK 64-Bit Server VM (17.0.2+8) for windows-amd64 JRE (17.0.2+8), built on Jan 20 2022 04:52:34 by "" with MS VC++ 16.7 (VS2019)

END.
